Tue Mar 18 15:16:04 UTC 2025
Wed Mar 19 13:17:22 UTC 2025
Thu Mar 20 13:15:30 UTC 2025
Fri Mar 21 13:15:37 UTC 2025
Sat Mar 22 13:01:19 UTC 2025
Sun Mar 23 13:01:53 UTC 2025
Mon Mar 24 13:34:42 UTC 2025
Tue Mar 25 13:33:23 UTC 2025
Wed Mar 26 13:34:16 UTC 2025
Thu Mar 27 13:17:39 UTC 2025
Fri Mar 28 13:16:40 UTC 2025
Sat Mar 29 13:03:07 UTC 2025
Sun Mar 30 13:03:08 UTC 2025
Mon Mar 31 13:34:51 UTC 2025
Tue Apr  1 13:36:20 UTC 2025
Wed Apr  2 13:34:27 UTC 2025
Thu Apr  3 13:33:45 UTC 2025
Fri Apr  4 13:18:10 UTC 2025
Sat Apr  5 13:02:47 UTC 2025
Sun Apr  6 13:02:34 UTC 2025
Mon Apr  7 13:36:07 UTC 2025
